gmake[2]: Warning: File 'CMakeFiles/draco_compression_encode.dir/progress.make' has modification time 0.29 s in the future
gmake[2]: warning:  Clock skew detected.  Your build may be incomplete.
gmake[2]: Warning: File 'CMakeFiles/draco_compression_encode.dir/progress.make' has modification time 0.25 s in the future
gmake[2]: warning:  Clock skew detected.  Your build may be incomplete.
In file included from [01m[K/root/home/point_cloud_transport_ws/src/draco/src/draco/core/hash_utils.cc:15[m[K:
[01m[K/root/home/point_cloud_transport_ws/src/draco/src/draco/core/hash_utils.h:26:1:[m[K [01;31m[Kerror: [m[Kâ€˜[01m[Ksize_t[m[Kâ€™ does not name a type
   26 | [01;31m[Ksize_t[m[K HashCombine(T1 a, T2 b) {
      | [01;31m[K^~~~~~[m[K
[01m[K/root/home/point_cloud_transport_ws/src/draco/src/draco/core/hash_utils.h:20:1:[m[K [01;36m[Knote: [m[Kâ€˜[01m[Ksize_t[m[Kâ€™ is defined in header â€˜[01m[K<cstddef>[m[Kâ€™; did you forget to â€˜[01m[K#include <cstddef>[m[Kâ€™?
   19 | #include <functional>
  +++ |+[32m[K#include <cstddef>[m[K
   20 | 
[01m[K/root/home/point_cloud_transport_ws/src/draco/src/draco/core/hash_utils.h:33:1:[m[K [01;31m[Kerror: [m[Kâ€˜[01m[Ksize_t[m[Kâ€™ does not name a type
   33 | [01;31m[Ksize_t[m[K HashCombine(T a, size_t hash) {
      | [01;31m[K^~~~~~[m[K
[01m[K/root/home/point_cloud_transport_ws/src/draco/src/draco/core/hash_utils.h:33:1:[m[K [01;36m[Knote: [m[Kâ€˜[01m[Ksize_t[m[Kâ€™ is defined in header â€˜[01m[K<cstddef>[m[Kâ€™; did you forget to â€˜[01m[K#include <cstddef>[m[Kâ€™?
[01m[K/root/home/point_cloud_transport_ws/src/draco/src/draco/core/hash_utils.h:43:43:[m[K [01;31m[Kerror: [m[Kâ€˜[01m[Ksize_t[m[Kâ€™ has not been declared
   43 | uint64_t FingerprintString(const char *s, [01;31m[Ksize_t[m[K len);
      |                                           [01;31m[K^~~~~~[m[K
[01m[K/root/home/point_cloud_transport_ws/src/draco/src/draco/core/hash_utils.h:48:3:[m[K [01;31m[Kerror: [m[Kâ€˜[01m[Ksize_t[m[Kâ€™ does not name a type
   48 |   [01;31m[Ksize_t[m[K operator()(const T &a) const {
      |   [01;31m[K^~~~~~[m[K
[01m[K/root/home/point_cloud_transport_ws/src/draco/src/draco/core/hash_utils.h:48:3:[m[K [01;36m[Knote: [m[Kâ€˜[01m[Ksize_t[m[Kâ€™ is defined in header â€˜[01m[K<cstddef>[m[Kâ€™; did you forget to â€˜[01m[K#include <cstddef>[m[Kâ€™?
[01m[K/root/home/point_cloud_transport_ws/src/draco/src/draco/core/hash_utils.h:57:3:[m[K [01;31m[Kerror: [m[Kâ€˜[01m[Ksize_t[m[Kâ€™ does not name a type
   57 |   [01;31m[Ksize_t[m[K ValueHash(const V &val) const {
      |   [01;31m[K^~~~~~[m[K
[01m[K/root/home/point_cloud_transport_ws/src/draco/src/draco/core/hash_utils.h:57:3:[m[K [01;36m[Knote: [m[Kâ€˜[01m[Ksize_t[m[Kâ€™ is defined in header â€˜[01m[K<cstddef>[m[Kâ€™; did you forget to â€˜[01m[K#include <cstddef>[m[Kâ€™?
gmake[2]: *** [CMakeFiles/draco_core.dir/build.make:188: CMakeFiles/draco_core.dir/src/draco/core/hash_utils.cc.o] Error 1
gmake[2]: *** Waiting for unfinished jobs....
gmake[1]: *** [CMakeFiles/Makefile2:563: CMakeFiles/draco_core.dir/all] Error 2
gmake[1]: *** Waiting for unfinished jobs....
[01m[K/root/home/point_cloud_transport_ws/src/draco/src/draco/io/parser_utils.cc:[m[K In function â€˜[01m[Kbool draco::parser::ParseFloat(draco::DecoderBuffer*, float*)[m[Kâ€™:
[01m[K/root/home/point_cloud_transport_ws/src/draco/src/draco/io/parser_utils.cc:113:16:[m[K [01;31m[Kerror: [m[Kâ€˜[01m[Knumeric_limits[m[Kâ€™ is not a member of â€˜[01m[Kstd[m[Kâ€™
  113 |       v = std::[01;31m[Knumeric_limits[m[K<double>::infinity();
      |                [01;31m[K^~~~~~~~~~~~~~[m[K
[01m[K/root/home/point_cloud_transport_ws/src/draco/src/draco/io/parser_utils.cc:113:31:[m[K [01;31m[Kerror: [m[Kexpected primary-expression before â€˜[01m[Kdouble[m[Kâ€™
  113 |       v = std::numeric_limits<[01;31m[Kdouble[m[K>::infinity();
      |                               [01;31m[K^~~~~~[m[K
gmake[2]: *** [CMakeFiles/draco_io.dir/build.make:132: CMakeFiles/draco_io.dir/src/draco/io/parser_utils.cc.o] Error 1
gmake[2]: *** Waiting for unfinished jobs....
gmake[1]: *** [CMakeFiles/Makefile2:589: CMakeFiles/draco_io.dir/all] Error 2
gmake: *** [Makefile:136: all] Error 2
