[0.042s] Invoking command in '/root/home/new_try_col/build/new_try_col': CMAKE_PREFIX_PATH=/root/home/my_package/install/my_package:/opt/ros/humble:/root/home/tentativo_colcon/install/tentativo_colcon:/root/home/catkin_ws/install/rviz_plugin_zed_od:/root/home/catkin_ws/install/zed_interfaces /usr/bin/cmake --build /root/home/new_try_col/build/new_try_col -- -j8 -l8
[0.189s] [35m[1mConsolidate compiler generated dependencies of target draco_decoder_node[0m
[0.218s] [ 50%] [32m[1mLinking CXX executable draco_decoder_node[0m
[0.928s] /usr/bin/ld: CMakeFiles/draco_decoder_node.dir/src/draco_decoder_node.cpp.o: in function `draco::DecoderBuffer::~DecoderBuffer()':
[0.928s] draco_decoder_node.cpp:(.text._ZN5draco13DecoderBufferD2Ev[_ZN5draco13DecoderBufferD5Ev]+0x1c): undefined reference to `draco::DecoderBuffer::BitDecoder::~BitDecoder()'
[0.930s] /usr/bin/ld: CMakeFiles/draco_decoder_node.dir/src/draco_decoder_node.cpp.o: in function `DracoDecoderNode::dracoCallback(std::shared_ptr<std_msgs::msg::UInt8MultiArray_<std::allocator<void> > >)':
[0.930s] draco_decoder_node.cpp:(.text._ZN16DracoDecoderNode13dracoCallbackESt10shared_ptrIN8std_msgs3msg16UInt8MultiArray_ISaIvEEEE[_ZN16DracoDecoderNode13dracoCallbackESt10shared_ptrIN8std_msgs3msg16UInt8MultiArray_ISaIvEEEE]+0x49): undefined reference to `draco::DecoderBuffer::DecoderBuffer()'
[0.931s] /usr/bin/ld: draco_decoder_node.cpp:(.text._ZN16DracoDecoderNode13dracoCallbackESt10shared_ptrIN8std_msgs3msg16UInt8MultiArray_ISaIvEEEE[_ZN16DracoDecoderNode13dracoCallbackESt10shared_ptrIN8std_msgs3msg16UInt8MultiArray_ISaIvEEEE]+0x9a): undefined reference to `draco::DecoderBuffer::Init(char const*, unsigned long)'
[0.932s] /usr/bin/ld: draco_decoder_node.cpp:(.text._ZN16DracoDecoderNode13dracoCallbackESt10shared_ptrIN8std_msgs3msg16UInt8MultiArray_ISaIvEEEE[_ZN16DracoDecoderNode13dracoCallbackESt10shared_ptrIN8std_msgs3msg16UInt8MultiArray_ISaIvEEEE]+0xba): undefined reference to `draco::Decoder::DecodePointCloudFromBuffer(draco::DecoderBuffer*)'
[0.934s] /usr/bin/ld: CMakeFiles/draco_decoder_node.dir/src/draco_decoder_node.cpp.o: in function `DracoDecoderNode::convertDracoToPointCloud2(draco::PointCloud const*, sensor_msgs::msg::PointCloud2_<std::allocator<void> >&)':
[0.934s] draco_decoder_node.cpp:(.text._ZN16DracoDecoderNode25convertDracoToPointCloud2EPKN5draco10PointCloudERN11sensor_msgs3msg12PointCloud2_ISaIvEEE[_ZN16DracoDecoderNode25convertDracoToPointCloud2EPKN5draco10PointCloudERN11sensor_msgs3msg12PointCloud2_ISaIvEEE]+0x7c): undefined reference to `draco::PointCloud::GetNamedAttributeId(draco::GeometryAttribute::Type) const'
[0.997s] collect2: error: ld returned 1 exit status
[1.000s] gmake[2]: *** [CMakeFiles/draco_decoder_node.dir/build.make:176: draco_decoder_node] Error 1
[1.000s] gmake[1]: *** [CMakeFiles/Makefile2:137: CMakeFiles/draco_decoder_node.dir/all] Error 2
[1.000s] gmake: *** [Makefile:146: all] Error 2
[1.005s] Invoked command in '/root/home/new_try_col/build/new_try_col' returned '2': CMAKE_PREFIX_PATH=/root/home/my_package/install/my_package:/opt/ros/humble:/root/home/tentativo_colcon/install/tentativo_colcon:/root/home/catkin_ws/install/rviz_plugin_zed_od:/root/home/catkin_ws/install/zed_interfaces /usr/bin/cmake --build /root/home/new_try_col/build/new_try_col -- -j8 -l8
