-- The C compiler identification is GNU 11.4.0
-- The CXX compiler identification is GNU 11.4.0
-- Detecting C compiler ABI info
-- Detecting C compiler ABI info - done
-- Check for working C compiler: /usr/bin/cc - skipped
-- Detecting C compile features
-- Detecting C compile features - done
-- Detecting CXX compiler ABI info
-- Detecting CXX compiler ABI info - done
-- Check for working CXX compiler: /usr/bin/c++ - skipped
-- Detecting CXX compile features
-- Detecting CXX compile features - done
-- Found ament_cmake: 1.3.10 (/opt/ros/humble/share/ament_cmake/cmake)
-- Found Python3: /usr/bin/python3 (found version "3.10.12") found components: Interpreter 
-- Found sensor_msgs: 4.2.4 (/opt/ros/humble/share/sensor_msgs/cmake)
-- Found rosidl_generator_c: 3.1.5 (/opt/ros/humble/share/rosidl_generator_c/cmake)
-- Found rosidl_adapter: 3.1.5 (/opt/ros/humble/share/rosidl_adapter/cmake)
-- Found rosidl_generator_cpp: 3.1.5 (/opt/ros/humble/share/rosidl_generator_cpp/cmake)
-- Using all available rosidl_typesupport_c: rosidl_typesupport_fastrtps_c;rosidl_typesupport_introspection_c
-- Using all available rosidl_typesupport_cpp: rosidl_typesupport_fastrtps_cpp;rosidl_typesupport_introspection_cpp
-- Found tf2: 0.25.8 (/opt/ros/humble/share/tf2/cmake)
-- Found rclcpp: 16.0.10 (/opt/ros/humble/share/rclcpp/cmake)
-- Found rmw_implementation_cmake: 6.1.2 (/opt/ros/humble/share/rmw_implementation_cmake/cmake)
-- Found rmw_fastrtps_cpp: 6.2.7 (/opt/ros/humble/share/rmw_fastrtps_cpp/cmake)
-- Found OpenSSL: /usr/lib/x86_64-linux-gnu/libcrypto.so (found version "3.0.2")  
-- Found FastRTPS: /opt/ros/humble/include  
-- Using RMW implementation 'rmw_fastrtps_cpp' as default
-- Looking for pthread.h
-- Looking for pthread.h - found
-- Performing Test CMAKE_HAVE_LIBC_PTHREAD
-- Performing Test CMAKE_HAVE_LIBC_PTHREAD - Success
-- Found Threads: TRUE  
-- Found ament_lint_auto: 0.12.11 (/opt/ros/humble/share/ament_lint_auto/cmake)
-- Added test 'cppcheck' to perform static code analysis on C / C++ code
-- Configured cppcheck include dirs: 
-- Configured cppcheck exclude dirs and/or files: 
-- Added test 'lint_cmake' to check CMake code style
-- Added test 'uncrustify' to check C / C++ code style
-- Configured uncrustify additional arguments: 
-- Added test 'xmllint' to check XML markup files
-- Configuring done
-- Generating done
-- Build files have been written to: /root/home/new_try_col/build/new_try_col
[ 50%] [32mBuilding CXX object CMakeFiles/draco_decoder_node.dir/src/draco_decoder_node.cpp.o[0m
[100%] [32m[1mLinking CXX executable draco_decoder_node[0m
/usr/bin/ld: CMakeFiles/draco_decoder_node.dir/src/draco_decoder_node.cpp.o: in function `draco::DecoderBuffer::~DecoderBuffer()':
draco_decoder_node.cpp:(.text._ZN5draco13DecoderBufferD2Ev[_ZN5draco13DecoderBufferD5Ev]+0x1c): undefined reference to `draco::DecoderBuffer::BitDecoder::~BitDecoder()'
/usr/bin/ld: CMakeFiles/draco_decoder_node.dir/src/draco_decoder_node.cpp.o: in function `DracoDecoderNode::dracoCallback(std::shared_ptr<std_msgs::msg::UInt8MultiArray_<std::allocator<void> > >)':
draco_decoder_node.cpp:(.text._ZN16DracoDecoderNode13dracoCallbackESt10shared_ptrIN8std_msgs3msg16UInt8MultiArray_ISaIvEEEE[_ZN16DracoDecoderNode13dracoCallbackESt10shared_ptrIN8std_msgs3msg16UInt8MultiArray_ISaIvEEEE]+0x49): undefined reference to `draco::DecoderBuffer::DecoderBuffer()'
/usr/bin/ld: draco_decoder_node.cpp:(.text._ZN16DracoDecoderNode13dracoCallbackESt10shared_ptrIN8std_msgs3msg16UInt8MultiArray_ISaIvEEEE[_ZN16DracoDecoderNode13dracoCallbackESt10shared_ptrIN8std_msgs3msg16UInt8MultiArray_ISaIvEEEE]+0x9a): undefined reference to `draco::DecoderBuffer::Init(char const*, unsigned long)'
/usr/bin/ld: draco_decoder_node.cpp:(.text._ZN16DracoDecoderNode13dracoCallbackESt10shared_ptrIN8std_msgs3msg16UInt8MultiArray_ISaIvEEEE[_ZN16DracoDecoderNode13dracoCallbackESt10shared_ptrIN8std_msgs3msg16UInt8MultiArray_ISaIvEEEE]+0xba): undefined reference to `draco::Decoder::DecodePointCloudFromBuffer(draco::DecoderBuffer*)'
/usr/bin/ld: CMakeFiles/draco_decoder_node.dir/src/draco_decoder_node.cpp.o: in function `DracoDecoderNode::convertDracoToPointCloud2(draco::PointCloud const*, sensor_msgs::msg::PointCloud2_<std::allocator<void> >&)':
draco_decoder_node.cpp:(.text._ZN16DracoDecoderNode25convertDracoToPointCloud2EPKN5draco10PointCloudERN11sensor_msgs3msg12PointCloud2_ISaIvEEE[_ZN16DracoDecoderNode25convertDracoToPointCloud2EPKN5draco10PointCloudERN11sensor_msgs3msg12PointCloud2_ISaIvEEE]+0x7c): undefined reference to `draco::PointCloud::GetNamedAttributeId(draco::GeometryAttribute::Type) const'
collect2: error: ld returned 1 exit status
gmake[2]: *** [CMakeFiles/draco_decoder_node.dir/build.make:176: draco_decoder_node] Error 1
gmake[1]: *** [CMakeFiles/Makefile2:137: CMakeFiles/draco_decoder_node.dir/all] Error 2
gmake: *** [Makefile:146: all] Error 2
