[0.042s] Invoking command in '/root/home/new_try_col/build/new_try_col': CMAKE_PREFIX_PATH=/root/home/my_package/install/my_package:/opt/ros/humble:/root/home/tentativo_colcon/install/tentativo_colcon:/root/home/catkin_ws/install/rviz_plugin_zed_od:/root/home/catkin_ws/install/zed_interfaces /usr/bin/cmake /root/home/new_try_col -DCMAKE_INSTALL_PREFIX=/root/home/new_try_col/install/new_try_col
[0.309s] -- The C compiler identification is GNU 11.4.0
[0.465s] -- The CXX compiler identification is GNU 11.4.0
[0.482s] -- Detecting C compiler ABI info
[0.596s] -- Detecting C compiler ABI info - done
[0.607s] -- Check for working C compiler: /usr/bin/cc - skipped
[0.608s] -- Detecting C compile features
[0.609s] -- Detecting C compile features - done
[0.615s] -- Detecting CXX compiler ABI info
[0.734s] -- Detecting CXX compiler ABI info - done
[0.744s] -- Check for working CXX compiler: /usr/bin/c++ - skipped
[0.744s] -- Detecting CXX compile features
[0.746s] -- Detecting CXX compile features - done
[0.765s] -- Found ament_cmake: 1.3.10 (/opt/ros/humble/share/ament_cmake/cmake)
[0.992s] -- Found Python3: /usr/bin/python3 (found version "3.10.12") found components: Interpreter 
[1.177s] -- Found sensor_msgs: 4.2.4 (/opt/ros/humble/share/sensor_msgs/cmake)
[1.284s] -- Found rosidl_generator_c: 3.1.5 (/opt/ros/humble/share/rosidl_generator_c/cmake)
[1.302s] -- Found rosidl_adapter: 3.1.5 (/opt/ros/humble/share/rosidl_adapter/cmake)
[1.325s] -- Found rosidl_generator_cpp: 3.1.5 (/opt/ros/humble/share/rosidl_generator_cpp/cmake)
[1.358s] -- Using all available rosidl_typesupport_c: rosidl_typesupport_fastrtps_c;rosidl_typesupport_introspection_c
[1.398s] -- Using all available rosidl_typesupport_cpp: rosidl_typesupport_fastrtps_cpp;rosidl_typesupport_introspection_cpp
[1.540s] -- Found tf2: 0.25.8 (/opt/ros/humble/share/tf2/cmake)
[1.584s] -- Found rclcpp: 16.0.10 (/opt/ros/humble/share/rclcpp/cmake)
[1.689s] -- Found rmw_implementation_cmake: 6.1.2 (/opt/ros/humble/share/rmw_implementation_cmake/cmake)
[1.697s] -- Found rmw_fastrtps_cpp: 6.2.7 (/opt/ros/humble/share/rmw_fastrtps_cpp/cmake)
[1.896s] -- Found OpenSSL: /usr/lib/x86_64-linux-gnu/libcrypto.so (found version "3.0.2")  
[1.970s] -- Found FastRTPS: /opt/ros/humble/include  
[2.068s] -- Using RMW implementation 'rmw_fastrtps_cpp' as default
[2.094s] -- Looking for pthread.h
[2.217s] -- Looking for pthread.h - found
[2.217s] -- Performing Test CMAKE_HAVE_LIBC_PTHREAD
[2.321s] -- Performing Test CMAKE_HAVE_LIBC_PTHREAD - Success
[2.323s] -- Found Threads: TRUE  
[2.411s] -- Found ament_lint_auto: 0.12.11 (/opt/ros/humble/share/ament_lint_auto/cmake)
[2.569s] -- Added test 'cppcheck' to perform static code analysis on C / C++ code
[2.570s] -- Configured cppcheck include dirs: 
[2.570s] -- Configured cppcheck exclude dirs and/or files: 
[2.574s] -- Added test 'lint_cmake' to check CMake code style
[2.584s] -- Added test 'uncrustify' to check C / C++ code style
[2.584s] -- Configured uncrustify additional arguments: 
[2.587s] -- Added test 'xmllint' to check XML markup files
[2.592s] -- Configuring done
[2.615s] -- Generating done
[2.618s] -- Build files have been written to: /root/home/new_try_col/build/new_try_col
[2.634s] Invoked command in '/root/home/new_try_col/build/new_try_col' returned '0': CMAKE_PREFIX_PATH=/root/home/my_package/install/my_package:/opt/ros/humble:/root/home/tentativo_colcon/install/tentativo_colcon:/root/home/catkin_ws/install/rviz_plugin_zed_od:/root/home/catkin_ws/install/zed_interfaces /usr/bin/cmake /root/home/new_try_col -DCMAKE_INSTALL_PREFIX=/root/home/new_try_col/install/new_try_col
[2.637s] Invoking command in '/root/home/new_try_col/build/new_try_col': CMAKE_PREFIX_PATH=/root/home/my_package/install/my_package:/opt/ros/humble:/root/home/tentativo_colcon/install/tentativo_colcon:/root/home/catkin_ws/install/rviz_plugin_zed_od:/root/home/catkin_ws/install/zed_interfaces /usr/bin/cmake --build /root/home/new_try_col/build/new_try_col -- -j8 -l8
[2.706s] [ 50%] [32mBuilding CXX object CMakeFiles/draco_decoder_node.dir/src/draco_decoder_node.cpp.o[0m
[16.344s] [100%] [32m[1mLinking CXX executable draco_decoder_node[0m
[17.024s] /usr/bin/ld: CMakeFiles/draco_decoder_node.dir/src/draco_decoder_node.cpp.o: in function `draco::DecoderBuffer::~DecoderBuffer()':
[17.025s] draco_decoder_node.cpp:(.text._ZN5draco13DecoderBufferD2Ev[_ZN5draco13DecoderBufferD5Ev]+0x1c): undefined reference to `draco::DecoderBuffer::BitDecoder::~BitDecoder()'
[17.026s] /usr/bin/ld: CMakeFiles/draco_decoder_node.dir/src/draco_decoder_node.cpp.o: in function `DracoDecoderNode::dracoCallback(std::shared_ptr<std_msgs::msg::UInt8MultiArray_<std::allocator<void> > >)':
[17.026s] draco_decoder_node.cpp:(.text._ZN16DracoDecoderNode13dracoCallbackESt10shared_ptrIN8std_msgs3msg16UInt8MultiArray_ISaIvEEEE[_ZN16DracoDecoderNode13dracoCallbackESt10shared_ptrIN8std_msgs3msg16UInt8MultiArray_ISaIvEEEE]+0x49): undefined reference to `draco::DecoderBuffer::DecoderBuffer()'
[17.028s] /usr/bin/ld: draco_decoder_node.cpp:(.text._ZN16DracoDecoderNode13dracoCallbackESt10shared_ptrIN8std_msgs3msg16UInt8MultiArray_ISaIvEEEE[_ZN16DracoDecoderNode13dracoCallbackESt10shared_ptrIN8std_msgs3msg16UInt8MultiArray_ISaIvEEEE]+0x9a): undefined reference to `draco::DecoderBuffer::Init(char const*, unsigned long)'
[17.029s] /usr/bin/ld: draco_decoder_node.cpp:(.text._ZN16DracoDecoderNode13dracoCallbackESt10shared_ptrIN8std_msgs3msg16UInt8MultiArray_ISaIvEEEE[_ZN16DracoDecoderNode13dracoCallbackESt10shared_ptrIN8std_msgs3msg16UInt8MultiArray_ISaIvEEEE]+0xba): undefined reference to `draco::Decoder::DecodePointCloudFromBuffer(draco::DecoderBuffer*)'
[17.031s] /usr/bin/ld: CMakeFiles/draco_decoder_node.dir/src/draco_decoder_node.cpp.o: in function `DracoDecoderNode::convertDracoToPointCloud2(draco::PointCloud const*, sensor_msgs::msg::PointCloud2_<std::allocator<void> >&)':
[17.031s] draco_decoder_node.cpp:(.text._ZN16DracoDecoderNode25convertDracoToPointCloud2EPKN5draco10PointCloudERN11sensor_msgs3msg12PointCloud2_ISaIvEEE[_ZN16DracoDecoderNode25convertDracoToPointCloud2EPKN5draco10PointCloudERN11sensor_msgs3msg12PointCloud2_ISaIvEEE]+0x7c): undefined reference to `draco::PointCloud::GetNamedAttributeId(draco::GeometryAttribute::Type) const'
[17.094s] collect2: error: ld returned 1 exit status
[17.097s] gmake[2]: *** [CMakeFiles/draco_decoder_node.dir/build.make:176: draco_decoder_node] Error 1
[17.097s] gmake[1]: *** [CMakeFiles/Makefile2:137: CMakeFiles/draco_decoder_node.dir/all] Error 2
[17.098s] gmake: *** [Makefile:146: all] Error 2
[17.101s] Invoked command in '/root/home/new_try_col/build/new_try_col' returned '2': CMAKE_PREFIX_PATH=/root/home/my_package/install/my_package:/opt/ros/humble:/root/home/tentativo_colcon/install/tentativo_colcon:/root/home/catkin_ws/install/rviz_plugin_zed_od:/root/home/catkin_ws/install/zed_interfaces /usr/bin/cmake --build /root/home/new_try_col/build/new_try_col -- -j8 -l8
